[ 2017-05-17T18:07:56+08:00 ] 110.90.16.11 /admin.php
INFO: [ app_init ] --START--
INFO: Run Behavior\BuildLiteBehavior [ RunTime:0.000005s ]
INFO: [ app_init ] --END-- [ RunTime:0.000033s ]
INFO: [ app_begin ] --START--
INFO: Run Behavior\ReadHtmlCacheBehavior [ RunTime:0.000013s ]
INFO: [ app_begin ] --END-- [ RunTime:0.000023s ]
NOTIC: [8] Undefined index: lite /data/wwwroot/jpny/Include/Library/Think/Db.class.php 第 37 行.
SQL: SHOW COLUMNS FROM `xyh_menu` [ RunTime:0.0009s ]
SQL: SELECT * FROM `xyh_menu` WHERE `status` = 1 ORDER BY sort,id  [ RunTime:0.0006s ]
SQL: SELECT * FROM `xyh_menu` WHERE `status` = 1 AND `quick` = 1 ORDER BY sort,id  [ RunTime:0.0005s ]
INFO: [ view_parse ] --START--
INFO: [ template_filter ] --START--
INFO: Run Behavior\ContentReplaceBehavior [ RunTime:0.000031s ]
INFO: [ template_filter ] --END-- [ RunTime:0.000046s ]
INFO: Run Behavior\ParseTemplateBehavior [ RunTime:0.002395s ]
INFO: [ view_parse ] --END-- [ RunTime:0.002412s ]
INFO: [ view_filter ] --START--
INFO: Run Behavior\WriteHtmlCacheBehavior [ RunTime:0.000018s ]
INFO: [ view_filter ] --END-- [ RunTime:0.000026s ]
INFO: [ app_end ] --START--
INFO: Run Behavior\ShowPageTraceBehavior [ RunTime:0.000014s ]
INFO: [ app_end ] --END-- [ RunTime:0.000022s ]

[ 2017-05-17T18:07:56+08:00 ] 110.90.16.11 /admin.php?s=/Public/main
INFO: [ app_init ] --START--
INFO: Run Behavior\BuildLiteBehavior [ RunTime:0.000008s ]
INFO: [ app_init ] --END-- [ RunTime:0.000049s ]
INFO: [ app_begin ] --START--
INFO: Run Behavior\ReadHtmlCacheBehavior [ RunTime:0.000021s ]
INFO: [ app_begin ] --END-- [ RunTime:0.000039s ]
NOTIC: [8] Undefined index: lite /data/wwwroot/jpny/Include/Library/Think/Db.class.php 第 37 行.
SQL: SELECT VERSION() as ver; [ RunTime:0.0004s ]
INFO: [ view_parse ] --START--
INFO: [ template_filter ] --START--
INFO: Run Behavior\ContentReplaceBehavior [ RunTime:0.000043s ]
INFO: [ template_filter ] --END-- [ RunTime:0.000062s ]
NOTIC: [8] Undefined index: mj_VER /data/wwwroot/jpny/App/Runtime/Cache/Manage/47676e6e94231ce0ee5a8f992df16fca.php 第 70 行.
NOTIC: [8] Undefined index: TIME /data/wwwroot/jpny/App/Runtime/Cache/Manage/47676e6e94231ce0ee5a8f992df16fca.php 第 70 行.
INFO: Run Behavior\ParseTemplateBehavior [ RunTime:0.001306s ]
INFO: [ view_parse ] --END-- [ RunTime:0.001324s ]
INFO: [ view_filter ] --START--
INFO: Run Behavior\WriteHtmlCacheBehavior [ RunTime:0.000024s ]
INFO: [ view_filter ] --END-- [ RunTime:0.000036s ]
INFO: [ app_end ] --START--
INFO: Run Behavior\ShowPageTraceBehavior [ RunTime:0.000019s ]
INFO: [ app_end ] --END-- [ RunTime:0.000031s ]

[ 2017-05-17T18:07:56+08:00 ] 110.90.16.11 /admin.php?s=/Index/getParentCate&pid=0&rnd=2583
INFO: [ app_init ] --START--
INFO: Run Behavior\BuildLiteBehavior [ RunTime:0.000006s ]
INFO: [ app_init ] --END-- [ RunTime:0.000053s ]
INFO: [ app_begin ] --START--
INFO: Run Behavior\ReadHtmlCacheBehavior [ RunTime:0.000016s ]
INFO: [ app_begin ] --END-- [ RunTime:0.000032s ]
NOTIC: [8] Undefined index: lite /data/wwwroot/jpny/Include/Library/Think/Db.class.php 第 37 行.
SQL: SHOW COLUMNS FROM `xyh_category` [ RunTime:0.0008s ]
SQL: SHOW COLUMNS FROM `xyh_model` [ RunTime:0.0007s ]
SQL: SELECT COUNT(*) AS tp_count FROM xyh_category category LEFT JOIN xyh_model model ON category.modelid = model.id WHERE category.pid = 0 AND category.type = 0 LIMIT 1   [ RunTime:0.0005s ]
SQL: SELECT category.id AS id,category.name AS name,category.ename AS ename,category.catpic AS catpic,category.pid AS pid,category.modelid AS modelid,category.type AS type,category.seotitle AS seotitle,category.keywords AS keywords,category.description AS description,category.template_category AS template_category,category.template_list AS template_list,category.template_show AS template_show,category.status AS status,category.sort AS sort,model.name AS modelname,model.tablename AS tablename FROM xyh_category category LEFT JOIN xyh_model model ON category.modelid = model.id WHERE category.pid = 0 AND category.type = 0 ORDER BY category.sort ASC,category.id ASC  [ RunTime:0.0006s ]

[ 2017-05-17T18:08:04+08:00 ] 110.90.16.11 /admin.php?s=/System/url
INFO: [ app_init ] --START--
INFO: Run Behavior\BuildLiteBehavior [ RunTime:0.000008s ]
INFO: [ app_init ] --END-- [ RunTime:0.000077s ]
INFO: [ app_begin ] --START--
INFO: Run Behavior\ReadHtmlCacheBehavior [ RunTime:0.000024s ]
INFO: [ app_begin ] --END-- [ RunTime:0.000043s ]
NOTIC: [8] Undefined index: lite /data/wwwroot/jpny/Include/Library/Think/Db.class.php 第 37 行.
SQL: SHOW COLUMNS FROM `xyh_meta` [ RunTime:0.0008s ]
SQL: SELECT * FROM `xyh_meta` WHERE `groupid` = 1  [ RunTime:0.0005s ]
INFO: [ view_parse ] --START--
INFO: [ template_filter ] --START--
INFO: Run Behavior\ContentReplaceBehavior [ RunTime:0.000075s ]
INFO: [ template_filter ] --END-- [ RunTime:0.000092s ]
INFO: Run Behavior\ParseTemplateBehavior [ RunTime:0.002013s ]
INFO: [ view_parse ] --END-- [ RunTime:0.002029s ]
INFO: [ view_filter ] --START--
INFO: Run Behavior\WriteHtmlCacheBehavior [ RunTime:0.000019s ]
INFO: [ view_filter ] --END-- [ RunTime:0.000028s ]
INFO: [ app_end ] --START--
INFO: Run Behavior\ShowPageTraceBehavior [ RunTime:0.000017s ]
INFO: [ app_end ] --END-- [ RunTime:0.000028s ]

[ 2017-05-17T18:08:04+08:00 ] 110.90.16.11 /admin.php?s=/System/site
INFO: [ app_init ] --START--
INFO: Run Behavior\BuildLiteBehavior [ RunTime:0.000006s ]
INFO: [ app_init ] --END-- [ RunTime:0.000043s ]
INFO: [ app_begin ] --START--
INFO: Run Behavior\ReadHtmlCacheBehavior [ RunTime:0.000022s ]
INFO: [ app_begin ] --END-- [ RunTime:0.000039s ]
NOTIC: [8] Undefined index: lite /data/wwwroot/jpny/Include/Library/Think/Db.class.php 第 37 行.
SQL: SHOW COLUMNS FROM `xyh_config` [ RunTime:0.0009s ]
SQL: SELECT * FROM `xyh_config` ORDER BY groupid,sort  [ RunTime:0.0006s ]
SQL: SHOW COLUMNS FROM `xyh_iteminfo` [ RunTime:0.0007s ]
SQL: SELECT * FROM `xyh_iteminfo` WHERE `group` = 'configgroup' ORDER BY sort,id  [ RunTime:0.0006s ]
SQL: SELECT * FROM `xyh_iteminfo` WHERE `group` = 'configtype' ORDER BY sort,id  [ RunTime:0.0005s ]
INFO: [ view_parse ] --START--
INFO: [ template_filter ] --START--
INFO: Run Behavior\ContentReplaceBehavior [ RunTime:0.000041s ]
INFO: [ template_filter ] --END-- [ RunTime:0.000059s ]
INFO: Run Behavior\ParseTemplateBehavior [ RunTime:0.003176s ]
INFO: [ view_parse ] --END-- [ RunTime:0.003194s ]
INFO: [ view_filter ] --START--
INFO: Run Behavior\WriteHtmlCacheBehavior [ RunTime:0.000024s ]
INFO: [ view_filter ] --END-- [ RunTime:0.000033s ]
INFO: [ app_end ] --START--
INFO: Run Behavior\ShowPageTraceBehavior [ RunTime:0.000017s ]
INFO: [ app_end ] --END-- [ RunTime:0.000029s ]

[ 2017-05-17T18:08:14+08:00 ] 110.90.16.11 /admin.php?s=/System/site
INFO: [ app_init ] --START--
INFO: Run Behavior\BuildLiteBehavior [ RunTime:0.000008s ]
INFO: [ app_init ] --END-- [ RunTime:0.000058s ]
INFO: [ app_begin ] --START--
INFO: Run Behavior\ReadHtmlCacheBehavior [ RunTime:0.000018s ]
INFO: [ app_begin ] --END-- [ RunTime:0.000033s ]
NOTIC: [8] Undefined index: lite /data/wwwroot/jpny/Include/Library/Think/Db.class.php 第 37 行.
SQL: SHOW COLUMNS FROM `xyh_config` [ RunTime:0.0008s ]
SQL: UPDATE `xyh_config` SET `value`='福建金品农业' WHERE `name` = 'CFG_WEBNAME' [ RunTime:0.0005s ]
SQL: UPDATE `xyh_config` SET `value`='http://www.fjjpny.com' WHERE `name` = 'CFG_WEBURL' [ RunTime:0.0006s ]
SQL: UPDATE `xyh_config` SET `value`='福建金品农业科技发展有限公司' WHERE `name` = 'CFG_WEBTITLE' [ RunTime:0.0005s ]
SQL: UPDATE `xyh_config` SET `value`='福建金品农业科技发展有限公司' WHERE `name` = 'CFG_KEYWORDS' [ RunTime:0.0004s ]
SQL: UPDATE `xyh_config` SET `value`='福建金品农业科技发展有限公司' WHERE `name` = 'CFG_DESCRIPTION' [ RunTime:0.0005s ]
SQL: UPDATE `xyh_config` SET `value`='blog' WHERE `name` = 'CFG_THEMESTYLE' [ RunTime:0.0005s ]
SQL: UPDATE `xyh_config` SET `value`='CDYdvtKLq' WHERE `name` = 'CFG_COOKIE_ENCODE' [ RunTime:0.0009s ]
SQL: UPDATE `xyh_config` SET `value`='©2016 福建金品农业科技发展有限公司 版权所有' WHERE `name` = 'CFG_POWERBY' [ RunTime:0.0006s ]
SQL: UPDATE `xyh_config` SET `value`='' WHERE `name` = 'CFG_STATS' [ RunTime:0.0004s ]
SQL: UPDATE `xyh_config` SET `value`='闽ICP备14006456号-1' WHERE `name` = 'CFG_BEIAN' [ RunTime:0.0005s ]
SQL: UPDATE `xyh_config` SET `value`='福建省福州市闽侯县甘蔗街道流洋66号' WHERE `name` = 'CFG_ADDRESS' [ RunTime:0.0005s ]
SQL: UPDATE `xyh_config` SET `value`='4000-770-591' WHERE `name` = 'CFG_PHONE' [ RunTime:0.0005s ]
SQL: UPDATE `xyh_config` SET `value`='0591-22066398' WHERE `name` = 'CFG_FAX' [ RunTime:0.0005s ]
SQL: UPDATE `xyh_config` SET `value`='金子的品质服务农民！' WHERE `name` = 'CFG_PUBLICTY' [ RunTime:0.0006s ]
SQL: UPDATE `xyh_config` SET `value`='0' WHERE `name` = 'CFG_WEBSITE_CLOSE' [ RunTime:0.0006s ]
SQL: UPDATE `xyh_config` SET `value`='站点维护中，请稍等一会...' WHERE `name` = 'CFG_WEBSITE_CLOSE_INFO' [ RunTime:0.0006s ]
SQL: UPDATE `xyh_config` SET `value`='艾滋病|中国共产党|111111111' WHERE `name` = 'CFG_BADWORD' [ RunTime:0.0006s ]
SQL: UPDATE `xyh_config` SET `value`='1' WHERE `name` = 'CFG_FEEDBACK_GUEST' [ RunTime:0.0005s ]
SQL: UPDATE `xyh_config` SET `value`='0' WHERE `name` = 'CFG_VERIFY_REGISTER' [ RunTime:0.0006s ]
SQL: UPDATE `xyh_config` SET `value`='0' WHERE `name` = 'CFG_VERIFY_LOGIN' [ RunTime:0.0005s ]
SQL: UPDATE `xyh_config` SET `value`='1' WHERE `name` = 'CFG_VERIFY_GUESTBOOK' [ RunTime:0.0006s ]
SQL: UPDATE `xyh_config` SET `value`='1' WHERE `name` = 'CFG_VERIFY_REVIEW' [ RunTime:0.0005s ]
SQL: UPDATE `xyh_config` SET `value`='1' WHERE `name` = 'CFG_MOBILE_AUTO' [ RunTime:0.0005s ]
SQL: UPDATE `xyh_config` SET `value`='blog' WHERE `name` = 'CFG_MOBILE_THEMESTYLE' [ RunTime:0.0005s ]
SQL: UPDATE `xyh_config` SET `value`='ddend@qq.com' WHERE `name` = 'CFG_EMAIL_FROM' [ RunTime:0.0005s ]
SQL: UPDATE `xyh_config` SET `value`='站名' WHERE `name` = 'CFG_EMAIL_FROM_NAME' [ RunTime:0.0005s ]
SQL: UPDATE `xyh_config` SET `value`='smtp.exmail.qq.com' WHERE `name` = 'CFG_EMAIL_HOST' [ RunTime:0.0011s ]
SQL: UPDATE `xyh_config` SET `value`='25' WHERE `name` = 'CFG_EMAIL_PORT' [ RunTime:0.0005s ]
SQL: UPDATE `xyh_config` SET `value`='ddend@qq.com' WHERE `name` = 'CFG_EMAIL_LOGINNAME' [ RunTime:0.0004s ]
SQL: UPDATE `xyh_config` SET `value`='123zstQhz4' WHERE `name` = 'CFG_EMAIL_PASSWORD' [ RunTime:0.0005s ]
SQL: UPDATE `xyh_config` SET `value`='3072' WHERE `name` = 'CFG_UPLOAD_MAXSIZE' [ RunTime:0.0006s ]
SQL: UPDATE `xyh_config` SET `value`='300X300' WHERE `name` = 'CFG_IMGTHUMB_SIZE' [ RunTime:0.0005s ]
SQL: UPDATE `xyh_config` SET `value`='0' WHERE `name` = 'CFG_IMGTHUMB_TYPE' [ RunTime:0.0004s ]
SQL: UPDATE `xyh_config` SET `value`='600' WHERE `name` = 'CFG_IMGTHUMB_WIDTH' [ RunTime:0.0005s ]
SQL: UPDATE `xyh_config` SET `value`='./uploads/' WHERE `name` = 'CFG_UPLOAD_ROOTPATH' [ RunTime:0.0005s ]
SQL: UPDATE `xyh_config` SET `value`='jpg,gif,png,jpeg,txt,doc,docx,xls,ppt,zip,rar,mp3' WHERE `name` = 'CFG_UPLOAD_FILE_EXT' [ RunTime:0.0004s ]
SQL: UPDATE `xyh_config` SET `value`='jpg,gif,png,jpeg' WHERE `name` = 'CFG_UPLOAD_IMG_EXT' [ RunTime:0.0005s ]
SQL: UPDATE `xyh_config` SET `value`='0' WHERE `name` = 'CFG_DOWNLOAD_HIDE' [ RunTime:0.0005s ]
SQL: UPDATE `xyh_config` SET `value`='1' WHERE `name` = 'CFG_MEMBER_OPEN' [ RunTime:0.0011s ]
SQL: UPDATE `xyh_config` SET `value`='0' WHERE `name` = 'CFG_MEMBER_VERIFYEMAIL' [ RunTime:0.0004s ]
SQL: UPDATE `xyh_config` SET `value`='www,bbs,ftp,mail,user,users,admin,administrator,xyhcms' WHERE `name` = 'CFG_MEMBER_NOTALLOW' [ RunTime:0.0005s ]
SQL: UPDATE `xyh_config` SET `value`='5242880' WHERE `name` = 'CFG_SQL_FILESIZE' [ RunTime:0.0005s ]
INFO: [ view_parse ] --START--
INFO: [ template_filter ] --START--
INFO: Run Behavior\ContentReplaceBehavior [ RunTime:0.000018s ]
INFO: [ template_filter ] --END-- [ RunTime:0.000034s ]
INFO: Run Behavior\ParseTemplateBehavior [ RunTime:0.001697s ]
INFO: [ view_parse ] --END-- [ RunTime:0.001713s ]
INFO: [ view_filter ] --START--
INFO: Run Behavior\WriteHtmlCacheBehavior [ RunTime:0.000018s ]
INFO: [ view_filter ] --END-- [ RunTime:0.000024s ]

[ 2017-05-17T18:08:15+08:00 ] 110.90.16.11 /admin.php?s=/System/site
INFO: [ app_init ] --START--
INFO: Run Behavior\BuildLiteBehavior [ RunTime:0.000005s ]
INFO: [ app_init ] --END-- [ RunTime:0.000033s ]
INFO: [ app_begin ] --START--
INFO: Run Behavior\ReadHtmlCacheBehavior [ RunTime:0.000014s ]
INFO: [ app_begin ] --END-- [ RunTime:0.000024s ]
NOTIC: [8] Undefined index: lite /data/wwwroot/jpny/Include/Library/Think/Db.class.php 第 37 行.
SQL: SHOW COLUMNS FROM `xyh_config` [ RunTime:0.0007s ]
SQL: SELECT `name`,`value`,`typeid` FROM `xyh_config`  [ RunTime:0.0006s ]
SQL: SELECT * FROM `xyh_config` ORDER BY groupid,sort  [ RunTime:0.0006s ]
INFO: [ view_parse ] --START--
INFO: [ template_filter ] --START--
INFO: Run Behavior\ContentReplaceBehavior [ RunTime:0.000038s ]
INFO: [ template_filter ] --END-- [ RunTime:0.000053s ]
INFO: Run Behavior\ParseTemplateBehavior [ RunTime:0.001800s ]
INFO: [ view_parse ] --END-- [ RunTime:0.001816s ]
INFO: [ view_filter ] --START--
INFO: Run Behavior\WriteHtmlCacheBehavior [ RunTime:0.000017s ]
INFO: [ view_filter ] --END-- [ RunTime:0.000025s ]
INFO: [ app_end ] --START--
INFO: Run Behavior\ShowPageTraceBehavior [ RunTime:0.000018s ]
INFO: [ app_end ] --END-- [ RunTime:0.000028s ]

[ 2017-05-17T18:08:37+08:00 ] 110.90.16.11 /admin.php?s=/Index/getParentCate&pid=0&rnd=62093
INFO: [ app_init ] --START--
INFO: Run Behavior\BuildLiteBehavior [ RunTime:0.000005s ]
INFO: [ app_init ] --END-- [ RunTime:0.000034s ]
INFO: [ app_begin ] --START--
INFO: Run Behavior\ReadHtmlCacheBehavior [ RunTime:0.000014s ]
INFO: [ app_begin ] --END-- [ RunTime:0.000024s ]
NOTIC: [8] Undefined index: lite /data/wwwroot/jpny/Include/Library/Think/Db.class.php 第 37 行.
SQL: SHOW COLUMNS FROM `xyh_category` [ RunTime:0.0008s ]
SQL: SHOW COLUMNS FROM `xyh_model` [ RunTime:0.0007s ]
SQL: SELECT COUNT(*) AS tp_count FROM xyh_category category LEFT JOIN xyh_model model ON category.modelid = model.id WHERE category.pid = 0 AND category.type = 0 LIMIT 1   [ RunTime:0.0005s ]
SQL: SELECT category.id AS id,category.name AS name,category.ename AS ename,category.catpic AS catpic,category.pid AS pid,category.modelid AS modelid,category.type AS type,category.seotitle AS seotitle,category.keywords AS keywords,category.description AS description,category.template_category AS template_category,category.template_list AS template_list,category.template_show AS template_show,category.status AS status,category.sort AS sort,model.name AS modelname,model.tablename AS tablename FROM xyh_category category LEFT JOIN xyh_model model ON category.modelid = model.id WHERE category.pid = 0 AND category.type = 0 ORDER BY category.sort ASC,category.id ASC  [ RunTime:0.0006s ]

[ 2017-05-17T18:08:46+08:00 ] 110.90.16.11 /admin.php?s=/System/site
INFO: [ app_init ] --START--
INFO: Run Behavior\BuildLiteBehavior [ RunTime:0.000005s ]
INFO: [ app_init ] --END-- [ RunTime:0.000034s ]
INFO: [ app_begin ] --START--
INFO: Run Behavior\ReadHtmlCacheBehavior [ RunTime:0.000015s ]
INFO: [ app_begin ] --END-- [ RunTime:0.000026s ]
NOTIC: [8] Undefined index: lite /data/wwwroot/jpny/Include/Library/Think/Db.class.php 第 37 行.
SQL: SHOW COLUMNS FROM `xyh_config` [ RunTime:0.0008s ]
SQL: UPDATE `xyh_config` SET `value`='福建金品农业' WHERE `name` = 'CFG_WEBNAME' [ RunTime:0.0005s ]
SQL: UPDATE `xyh_config` SET `value`='http://www.fjjpny.com' WHERE `name` = 'CFG_WEBURL' [ RunTime:0.0004s ]
SQL: UPDATE `xyh_config` SET `value`='福建金品农业科技发展有限公司' WHERE `name` = 'CFG_WEBTITLE' [ RunTime:0.0004s ]
SQL: UPDATE `xyh_config` SET `value`='福建金品农业科技发展有限公司' WHERE `name` = 'CFG_KEYWORDS' [ RunTime:0.0004s ]
SQL: UPDATE `xyh_config` SET `value`='福建金品农业科技发展有限公司' WHERE `name` = 'CFG_DESCRIPTION' [ RunTime:0.0004s ]
SQL: UPDATE `xyh_config` SET `value`='jpny' WHERE `name` = 'CFG_THEMESTYLE' [ RunTime:0.0003s ]
SQL: UPDATE `xyh_config` SET `value`='CDYdvtKLq' WHERE `name` = 'CFG_COOKIE_ENCODE' [ RunTime:0.0004s ]
SQL: UPDATE `xyh_config` SET `value`='©2016 福建金品农业科技发展有限公司 版权所有' WHERE `name` = 'CFG_POWERBY' [ RunTime:0.0004s ]
SQL: UPDATE `xyh_config` SET `value`='' WHERE `name` = 'CFG_STATS' [ RunTime:0.0004s ]
SQL: UPDATE `xyh_config` SET `value`='闽ICP备14006456号-1' WHERE `name` = 'CFG_BEIAN' [ RunTime:0.0004s ]
SQL: UPDATE `xyh_config` SET `value`='福建省福州市闽侯县甘蔗街道流洋66号' WHERE `name` = 'CFG_ADDRESS' [ RunTime:0.0004s ]
SQL: UPDATE `xyh_config` SET `value`='4000-770-591' WHERE `name` = 'CFG_PHONE' [ RunTime:0.0004s ]
SQL: UPDATE `xyh_config` SET `value`='0591-22066398' WHERE `name` = 'CFG_FAX' [ RunTime:0.0006s ]
SQL: UPDATE `xyh_config` SET `value`='金子的品质服务农民！' WHERE `name` = 'CFG_PUBLICTY' [ RunTime:0.0004s ]
SQL: UPDATE `xyh_config` SET `value`='0' WHERE `name` = 'CFG_WEBSITE_CLOSE' [ RunTime:0.0004s ]
SQL: UPDATE `xyh_config` SET `value`='站点维护中，请稍等一会...' WHERE `name` = 'CFG_WEBSITE_CLOSE_INFO' [ RunTime:0.0004s ]
SQL: UPDATE `xyh_config` SET `value`='艾滋病|中国共产党|111111111' WHERE `name` = 'CFG_BADWORD' [ RunTime:0.0004s ]
SQL: UPDATE `xyh_config` SET `value`='1' WHERE `name` = 'CFG_FEEDBACK_GUEST' [ RunTime:0.0004s ]
SQL: UPDATE `xyh_config` SET `value`='0' WHERE `name` = 'CFG_VERIFY_REGISTER' [ RunTime:0.0004s ]
SQL: UPDATE `xyh_config` SET `value`='0' WHERE `name` = 'CFG_VERIFY_LOGIN' [ RunTime:0.0004s ]
SQL: UPDATE `xyh_config` SET `value`='1' WHERE `name` = 'CFG_VERIFY_GUESTBOOK' [ RunTime:0.0004s ]
SQL: UPDATE `xyh_config` SET `value`='1' WHERE `name` = 'CFG_VERIFY_REVIEW' [ RunTime:0.0004s ]
SQL: UPDATE `xyh_config` SET `value`='1' WHERE `name` = 'CFG_MOBILE_AUTO' [ RunTime:0.0004s ]
SQL: UPDATE `xyh_config` SET `value`='blog' WHERE `name` = 'CFG_MOBILE_THEMESTYLE' [ RunTime:0.0004s ]
SQL: UPDATE `xyh_config` SET `value`='ddend@qq.com' WHERE `name` = 'CFG_EMAIL_FROM' [ RunTime:0.0004s ]
SQL: UPDATE `xyh_config` SET `value`='站名' WHERE `name` = 'CFG_EMAIL_FROM_NAME' [ RunTime:0.0004s ]
SQL: UPDATE `xyh_config` SET `value`='smtp.exmail.qq.com' WHERE `name` = 'CFG_EMAIL_HOST' [ RunTime:0.0004s ]
SQL: UPDATE `xyh_config` SET `value`='25' WHERE `name` = 'CFG_EMAIL_PORT' [ RunTime:0.0004s ]
SQL: UPDATE `xyh_config` SET `value`='ddend@qq.com' WHERE `name` = 'CFG_EMAIL_LOGINNAME' [ RunTime:0.0004s ]
SQL: UPDATE `xyh_config` SET `value`='123zstQhz4' WHERE `name` = 'CFG_EMAIL_PASSWORD' [ RunTime:0.0004s ]
SQL: UPDATE `xyh_config` SET `value`='3072' WHERE `name` = 'CFG_UPLOAD_MAXSIZE' [ RunTime:0.0004s ]
SQL: UPDATE `xyh_config` SET `value`='300X300' WHERE `name` = 'CFG_IMGTHUMB_SIZE' [ RunTime:0.0004s ]
SQL: UPDATE `xyh_config` SET `value`='0' WHERE `name` = 'CFG_IMGTHUMB_TYPE' [ RunTime:0.0004s ]
SQL: UPDATE `xyh_config` SET `value`='600' WHERE `name` = 'CFG_IMGTHUMB_WIDTH' [ RunTime:0.0004s ]
SQL: UPDATE `xyh_config` SET `value`='./uploads/' WHERE `name` = 'CFG_UPLOAD_ROOTPATH' [ RunTime:0.0004s ]
SQL: UPDATE `xyh_config` SET `value`='jpg,gif,png,jpeg,txt,doc,docx,xls,ppt,zip,rar,mp3' WHERE `name` = 'CFG_UPLOAD_FILE_EXT' [ RunTime:0.0004s ]
SQL: UPDATE `xyh_config` SET `value`='jpg,gif,png,jpeg' WHERE `name` = 'CFG_UPLOAD_IMG_EXT' [ RunTime:0.0004s ]
SQL: UPDATE `xyh_config` SET `value`='0' WHERE `name` = 'CFG_DOWNLOAD_HIDE' [ RunTime:0.0004s ]
SQL: UPDATE `xyh_config` SET `value`='1' WHERE `name` = 'CFG_MEMBER_OPEN' [ RunTime:0.0004s ]
SQL: UPDATE `xyh_config` SET `value`='0' WHERE `name` = 'CFG_MEMBER_VERIFYEMAIL' [ RunTime:0.0004s ]
SQL: UPDATE `xyh_config` SET `value`='www,bbs,ftp,mail,user,users,admin,administrator,xyhcms' WHERE `name` = 'CFG_MEMBER_NOTALLOW' [ RunTime:0.0004s ]
SQL: UPDATE `xyh_config` SET `value`='5242880' WHERE `name` = 'CFG_SQL_FILESIZE' [ RunTime:0.0004s ]
INFO: [ view_parse ] --START--
INFO: [ template_filter ] --START--
INFO: Run Behavior\ContentReplaceBehavior [ RunTime:0.000019s ]
INFO: [ template_filter ] --END-- [ RunTime:0.000035s ]
INFO: Run Behavior\ParseTemplateBehavior [ RunTime:0.001087s ]
INFO: [ view_parse ] --END-- [ RunTime:0.001113s ]
INFO: [ view_filter ] --START--
INFO: Run Behavior\WriteHtmlCacheBehavior [ RunTime:0.000018s ]
INFO: [ view_filter ] --END-- [ RunTime:0.000026s ]

[ 2017-05-17T18:08:47+08:00 ] 110.90.16.11 /admin.php?s=/System/site
INFO: [ app_init ] --START--
INFO: Run Behavior\BuildLiteBehavior [ RunTime:0.000006s ]
INFO: [ app_init ] --END-- [ RunTime:0.000033s ]
INFO: [ app_begin ] --START--
INFO: Run Behavior\ReadHtmlCacheBehavior [ RunTime:0.000017s ]
INFO: [ app_begin ] --END-- [ RunTime:0.000030s ]
NOTIC: [8] Undefined index: lite /data/wwwroot/jpny/Include/Library/Think/Db.class.php 第 37 行.
SQL: SHOW COLUMNS FROM `xyh_config` [ RunTime:0.0008s ]
SQL: SELECT `name`,`value`,`typeid` FROM `xyh_config`  [ RunTime:0.0006s ]
SQL: SELECT * FROM `xyh_config` ORDER BY groupid,sort  [ RunTime:0.0007s ]
INFO: [ view_parse ] --START--
INFO: [ template_filter ] --START--
INFO: Run Behavior\ContentReplaceBehavior [ RunTime:0.000067s ]
INFO: [ template_filter ] --END-- [ RunTime:0.000090s ]
INFO: Run Behavior\ParseTemplateBehavior [ RunTime:0.004765s ]
INFO: [ view_parse ] --END-- [ RunTime:0.004787s ]
INFO: [ view_filter ] --START--
INFO: Run Behavior\WriteHtmlCacheBehavior [ RunTime:0.000024s ]
INFO: [ view_filter ] --END-- [ RunTime:0.000037s ]
INFO: [ app_end ] --START--
INFO: Run Behavior\ShowPageTraceBehavior [ RunTime:0.000025s ]
INFO: [ app_end ] --END-- [ RunTime:0.000044s ]

[ 2017-05-17T18:08:56+08:00 ] 110.90.16.11 /admin.php?s=/System/site
INFO: [ app_init ] --START--
INFO: Run Behavior\BuildLiteBehavior [ RunTime:0.000006s ]
INFO: [ app_init ] --END-- [ RunTime:0.000035s ]
INFO: [ app_begin ] --START--
INFO: Run Behavior\ReadHtmlCacheBehavior [ RunTime:0.000014s ]
INFO: [ app_begin ] --END-- [ RunTime:0.000033s ]
NOTIC: [8] Undefined index: lite /data/wwwroot/jpny/Include/Library/Think/Db.class.php 第 37 行.
SQL: SHOW COLUMNS FROM `xyh_config` [ RunTime:0.0009s ]
SQL: UPDATE `xyh_config` SET `value`='福建金品农业' WHERE `name` = 'CFG_WEBNAME' [ RunTime:0.0005s ]
SQL: UPDATE `xyh_config` SET `value`='http://www.fjjpny.com' WHERE `name` = 'CFG_WEBURL' [ RunTime:0.0005s ]
SQL: UPDATE `xyh_config` SET `value`='福建金品农业科技发展有限公司' WHERE `name` = 'CFG_WEBTITLE' [ RunTime:0.0004s ]
SQL: UPDATE `xyh_config` SET `value`='福建金品农业科技发展有限公司' WHERE `name` = 'CFG_KEYWORDS' [ RunTime:0.0005s ]
SQL: UPDATE `xyh_config` SET `value`='福建金品农业科技发展有限公司' WHERE `name` = 'CFG_DESCRIPTION' [ RunTime:0.0005s ]
SQL: UPDATE `xyh_config` SET `value`='jpny' WHERE `name` = 'CFG_THEMESTYLE' [ RunTime:0.0004s ]
SQL: UPDATE `xyh_config` SET `value`='CDYdvtKLq' WHERE `name` = 'CFG_COOKIE_ENCODE' [ RunTime:0.0005s ]
SQL: UPDATE `xyh_config` SET `value`='©2016 福建金品农业科技发展有限公司 版权所有' WHERE `name` = 'CFG_POWERBY' [ RunTime:0.0004s ]
SQL: UPDATE `xyh_config` SET `value`='' WHERE `name` = 'CFG_STATS' [ RunTime:0.0005s ]
SQL: UPDATE `xyh_config` SET `value`='闽ICP备14006456号-1' WHERE `name` = 'CFG_BEIAN' [ RunTime:0.0005s ]
SQL: UPDATE `xyh_config` SET `value`='福建省福州市闽侯县甘蔗街道流洋66号' WHERE `name` = 'CFG_ADDRESS' [ RunTime:0.0005s ]
SQL: UPDATE `xyh_config` SET `value`='4000-770-591' WHERE `name` = 'CFG_PHONE' [ RunTime:0.0005s ]
SQL: UPDATE `xyh_config` SET `value`='0591-22066398' WHERE `name` = 'CFG_FAX' [ RunTime:0.0004s ]
SQL: UPDATE `xyh_config` SET `value`='金子的品质服务农民！' WHERE `name` = 'CFG_PUBLICTY' [ RunTime:0.0005s ]
SQL: UPDATE `xyh_config` SET `value`='0' WHERE `name` = 'CFG_WEBSITE_CLOSE' [ RunTime:0.0005s ]
SQL: UPDATE `xyh_config` SET `value`='站点维护中，请稍等一会...' WHERE `name` = 'CFG_WEBSITE_CLOSE_INFO' [ RunTime:0.0005s ]
SQL: UPDATE `xyh_config` SET `value`='艾滋病|中国共产党|111111111' WHERE `name` = 'CFG_BADWORD' [ RunTime:0.0005s ]
SQL: UPDATE `xyh_config` SET `value`='1' WHERE `name` = 'CFG_FEEDBACK_GUEST' [ RunTime:0.0004s ]
SQL: UPDATE `xyh_config` SET `value`='0' WHERE `name` = 'CFG_VERIFY_REGISTER' [ RunTime:0.0004s ]
SQL: UPDATE `xyh_config` SET `value`='0' WHERE `name` = 'CFG_VERIFY_LOGIN' [ RunTime:0.0004s ]
SQL: UPDATE `xyh_config` SET `value`='1' WHERE `name` = 'CFG_VERIFY_GUESTBOOK' [ RunTime:0.0004s ]
SQL: UPDATE `xyh_config` SET `value`='1' WHERE `name` = 'CFG_VERIFY_REVIEW' [ RunTime:0.0004s ]
SQL: UPDATE `xyh_config` SET `value`='1' WHERE `name` = 'CFG_MOBILE_AUTO' [ RunTime:0.0004s ]
SQL: UPDATE `xyh_config` SET `value`='jpny' WHERE `name` = 'CFG_MOBILE_THEMESTYLE' [ RunTime:0.0004s ]
SQL: UPDATE `xyh_config` SET `value`='ddend@qq.com' WHERE `name` = 'CFG_EMAIL_FROM' [ RunTime:0.0004s ]
SQL: UPDATE `xyh_config` SET `value`='站名' WHERE `name` = 'CFG_EMAIL_FROM_NAME' [ RunTime:0.0003s ]
SQL: UPDATE `xyh_config` SET `value`='smtp.exmail.qq.com' WHERE `name` = 'CFG_EMAIL_HOST' [ RunTime:0.0004s ]
SQL: UPDATE `xyh_config` SET `value`='25' WHERE `name` = 'CFG_EMAIL_PORT' [ RunTime:0.0004s ]
SQL: UPDATE `xyh_config` SET `value`='ddend@qq.com' WHERE `name` = 'CFG_EMAIL_LOGINNAME' [ RunTime:0.0003s ]
SQL: UPDATE `xyh_config` SET `value`='123zstQhz4' WHERE `name` = 'CFG_EMAIL_PASSWORD' [ RunTime:0.0003s ]
SQL: UPDATE `xyh_config` SET `value`='3072' WHERE `name` = 'CFG_UPLOAD_MAXSIZE' [ RunTime:0.0003s ]
SQL: UPDATE `xyh_config` SET `value`='300X300' WHERE `name` = 'CFG_IMGTHUMB_SIZE' [ RunTime:0.0003s ]
SQL: UPDATE `xyh_config` SET `value`='0' WHERE `name` = 'CFG_IMGTHUMB_TYPE' [ RunTime:0.0003s ]
SQL: UPDATE `xyh_config` SET `value`='600' WHERE `name` = 'CFG_IMGTHUMB_WIDTH' [ RunTime:0.0004s ]
SQL: UPDATE `xyh_config` SET `value`='./uploads/' WHERE `name` = 'CFG_UPLOAD_ROOTPATH' [ RunTime:0.0004s ]
SQL: UPDATE `xyh_config` SET `value`='jpg,gif,png,jpeg,txt,doc,docx,xls,ppt,zip,rar,mp3' WHERE `name` = 'CFG_UPLOAD_FILE_EXT' [ RunTime:0.0004s ]
SQL: UPDATE `xyh_config` SET `value`='jpg,gif,png,jpeg' WHERE `name` = 'CFG_UPLOAD_IMG_EXT' [ RunTime:0.0003s ]
SQL: UPDATE `xyh_config` SET `value`='0' WHERE `name` = 'CFG_DOWNLOAD_HIDE' [ RunTime:0.0004s ]
SQL: UPDATE `xyh_config` SET `value`='1' WHERE `name` = 'CFG_MEMBER_OPEN' [ RunTime:0.0004s ]
SQL: UPDATE `xyh_config` SET `value`='0' WHERE `name` = 'CFG_MEMBER_VERIFYEMAIL' [ RunTime:0.0004s ]
SQL: UPDATE `xyh_config` SET `value`='www,bbs,ftp,mail,user,users,admin,administrator,xyhcms' WHERE `name` = 'CFG_MEMBER_NOTALLOW' [ RunTime:0.0004s ]
SQL: UPDATE `xyh_config` SET `value`='5242880' WHERE `name` = 'CFG_SQL_FILESIZE' [ RunTime:0.0003s ]
INFO: [ view_parse ] --START--
INFO: [ template_filter ] --START--
INFO: Run Behavior\ContentReplaceBehavior [ RunTime:0.000019s ]
INFO: [ template_filter ] --END-- [ RunTime:0.000052s ]
INFO: Run Behavior\ParseTemplateBehavior [ RunTime:0.000950s ]
INFO: [ view_parse ] --END-- [ RunTime:0.000966s ]
INFO: [ view_filter ] --START--
INFO: Run Behavior\WriteHtmlCacheBehavior [ RunTime:0.000017s ]
INFO: [ view_filter ] --END-- [ RunTime:0.000025s ]

[ 2017-05-17T18:08:57+08:00 ] 110.90.16.11 /admin.php?s=/System/site
INFO: [ app_init ] --START--
INFO: Run Behavior\BuildLiteBehavior [ RunTime:0.000006s ]
INFO: [ app_init ] --END-- [ RunTime:0.000034s ]
INFO: [ app_begin ] --START--
INFO: Run Behavior\ReadHtmlCacheBehavior [ RunTime:0.000017s ]
INFO: [ app_begin ] --END-- [ RunTime:0.000030s ]
NOTIC: [8] Undefined index: lite /data/wwwroot/jpny/Include/Library/Think/Db.class.php 第 37 行.
SQL: SHOW COLUMNS FROM `xyh_config` [ RunTime:0.0009s ]
SQL: SELECT `name`,`value`,`typeid` FROM `xyh_config`  [ RunTime:0.0006s ]
SQL: SELECT * FROM `xyh_config` ORDER BY groupid,sort  [ RunTime:0.0006s ]
INFO: [ view_parse ] --START--
INFO: [ template_filter ] --START--
INFO: Run Behavior\ContentReplaceBehavior [ RunTime:0.000039s ]
INFO: [ template_filter ] --END-- [ RunTime:0.000055s ]
INFO: Run Behavior\ParseTemplateBehavior [ RunTime:0.002125s ]
INFO: [ view_parse ] --END-- [ RunTime:0.002142s ]
INFO: [ view_filter ] --START--
INFO: Run Behavior\WriteHtmlCacheBehavior [ RunTime:0.000018s ]
INFO: [ view_filter ] --END-- [ RunTime:0.000027s ]
INFO: [ app_end ] --START--
INFO: Run Behavior\ShowPageTraceBehavior [ RunTime:0.000017s ]
INFO: [ app_end ] --END-- [ RunTime:0.000035s ]

